<?xml version="1.0" encoding="UTF-8"?>
<!-- Generated by org.testng.reporters.JUnitReportReporter -->
<testsuite hostname="WKWEJ618507282" failures="0" tests="2" name="cucumberOptions.TestRunner" time="0.087" errors="0" timestamp="2025-03-06T13:07:31 IST" skipped="0">
  <testcase classname="cucumberOptions.TestRunner" name="runScenario" time="0.079"/>
  <testcase classname="cucumberOptions.TestRunner" name="runScenario" time="0.008"/>
</testsuite> <!-- cucumberOptions.TestRunner -->
