<?xml version="1.0" encoding="UTF-8"?>
<!-- Generated by org.testng.reporters.JUnitReportReporter -->
<testsuite hostname="WKWEJ618507282" failures="0" tests="2" name="cucumberOptions.TestRunner" time="8.480" errors="0" timestamp="2025-03-06T15:28:49 IST" skipped="0">
  <testcase classname="cucumberOptions.TestRunner" name="runScenario" time="4.708"/>
  <testcase classname="cucumberOptions.TestRunner" name="runScenario" time="3.772"/>
</testsuite> <!-- cucumberOptions.TestRunner -->
